app/build/intermediates/manifest_merge_blame_file/debug/manifest-merger-blame-debug-report.txt
1<?xml version="1.0" encoding="utf-8"?>
2<manifest xmlns:android="http://schemas.android.com/apk/res/android"
3    package="com.example.realnews"
4    android:versionCode="1"
5    android:versionName="1.0" >
6
7    <uses-sdk
8        android:minSdkVersion="21"
8-->src\main\AndroidManifest.xml
9        android:targetSdkVersion="32" />
9-->src\main\AndroidManifest.xml
10
11    <uses-permission android:name="android.permission.INTERNET" />
11-->src\main\AndroidManifest.xml:5:5-67
11-->src\main\AndroidManifest.xml:5:22-64
12    <uses-permission android:name="android.permission.ACCESS_NETWORK_STATE" />
12-->[com.google.firebase:firebase-auth:21.3.0] AndroidManifest.xml:26:5-79
12-->[com.google.firebase:firebase-auth:21.3.0] AndroidManifest.xml:26:22-76
13
14    <application
14-->src\main\AndroidManifest.xml:7:5-36:19
15        android:allowBackup="true"
15-->src\main\AndroidManifest.xml:8:9-35
16        android:appComponentFactory="androidx.core.app.CoreComponentFactory"
16-->[androidx.core:core:1.7.0] AndroidManifest.xml:24:18-86
17        android:debuggable="true"
18        android:icon="@drawable/logo"
18-->src\main\AndroidManifest.xml:9:9-38
19        android:label="@string/app_name"
19-->src\main\AndroidManifest.xml:10:9-41
20        android:roundIcon="@drawable/logo_round"
20-->src\main\AndroidManifest.xml:11:9-49
21        android:supportsRtl="true"
21-->src\main\AndroidManifest.xml:12:9-35
22        android:testOnly="true"
23        android:theme="@style/Theme.RealNews" >
23-->src\main\AndroidManifest.xml:13:9-46
24        <activity
24-->src\main\AndroidManifest.xml:14:9-22:20
25            android:name="com.example.realnews.SplashActivity"
25-->src\main\AndroidManifest.xml:15:13-43
26            android:exported="true" >
26-->src\main\AndroidManifest.xml:16:13-36
27            <intent-filter>
27-->src\main\AndroidManifest.xml:17:13-21:29
28                <action android:name="android.intent.action.MAIN" />
28-->src\main\AndroidManifest.xml:18:17-69
28-->src\main\AndroidManifest.xml:18:25-66
29
30                <category android:name="android.intent.category.LAUNCHER" />
30-->src\main\AndroidManifest.xml:20:17-77
30-->src\main\AndroidManifest.xml:20:27-74
31            </intent-filter>
32        </activity>
33        <activity
33-->src\main\AndroidManifest.xml:24:9-26:39
34            android:name="com.example.realnews.webView"
34-->src\main\AndroidManifest.xml:25:13-36
35            android:exported="false" />
35-->src\main\AndroidManifest.xml:26:13-37
36        <activity
36-->src\main\AndroidManifest.xml:27:9-29:39
37            android:name="com.example.realnews.MainActivity"
37-->src\main\AndroidManifest.xml:28:13-41
38            android:exported="false" />
38-->src\main\AndroidManifest.xml:29:13-37
39 >
40        <activity
40-->src\main\AndroidManifest.xml:30:9-32:39
41            android:name="com.example.realnews.LoginActivity"
41-->src\main\AndroidManifest.xml:31:13-42
42            android:exported="false" />
42-->src\main\AndroidManifest.xml:32:13-37
43        <activity
43-->src\main\AndroidManifest.xml:33:9-35:39
44            android:name="com.example.realnews.RegisterActivity"
44-->src\main\AndroidManifest.xml:34:13-45
45            android:exported="false" />
45-->src\main\AndroidManifest.xml:35:13-37
46        <activity
46-->[com.google.firebase:firebase-auth:21.3.0] AndroidManifest.xml:29:9-46:20
47            android:name="com.google.firebase.auth.internal.GenericIdpActivity"
47-->[com.google.firebase:firebase-auth:21.3.0] AndroidManifest.xml:30:13-80
48            android:excludeFromRecents="true"
48-->[com.google.firebase:firebase-auth:21.3.0] AndroidManifest.xml:31:13-46
49            android:exported="true"
49-->[com.google.firebase:firebase-auth:21.3.0] AndroidManifest.xml:32:13-36
50            android:launchMode="singleTask"
50-->[com.google.firebase:firebase-auth:21.3.0] AndroidManifest.xml:33:13-44
51            android:theme="@android:style/Theme.Translucent.NoTitleBar" >
51-->[com.google.firebase:firebase-auth:21.3.0] AndroidManifest.xml:34:13-72
52            <intent-filter>
52-->[com.google.firebase:firebase-auth:21.3.0] AndroidManifest.xml:35:13-45:29
53                <action android:name="android.intent.action.VIEW" />
53-->[com.google.firebase:firebase-auth:21.3.0] AndroidManifest.xml:36:17-69
53-->[com.google.firebase:firebase-auth:21.3.0] AndroidManifest.xml:36:25-66
54
55                <category android:name="android.intent.category.DEFAULT" />
55-->[com.google.firebase:firebase-auth:21.3.0] AndroidManifest.xml:38:17-76
55-->[com.google.firebase:firebase-auth:21.3.0] AndroidManifest.xml:38:27-73
56                <category android:name="android.intent.category.BROWSABLE" />
56-->[com.google.firebase:firebase-auth:21.3.0] AndroidManifest.xml:39:17-78
56-->[com.google.firebase:firebase-auth:21.3.0] AndroidManifest.xml:39:27-75
57
58                <data
58-->[com.google.firebase:firebase-auth:21.3.0] AndroidManifest.xml:41:17-44:51
59                    android:host="firebase.auth"
59-->[com.google.firebase:firebase-auth:21.3.0] AndroidManifest.xml:42:21-49
60                    android:path="/"
60-->[com.google.firebase:firebase-auth:21.3.0] AndroidManifest.xml:43:21-37
61                    android:scheme="genericidp" />
61-->[com.google.firebase:firebase-auth:21.3.0] AndroidManifest.xml:44:21-48
62            </intent-filter>
63        </activity>
64        <activity
64-->[com.google.firebase:firebase-auth:21.3.0] AndroidManifest.xml:47:9-64:20
65            android:name="com.google.firebase.auth.internal.RecaptchaActivity"
65-->[com.google.firebase:firebase-auth:21.3.0] AndroidManifest.xml:48:13-79
66            android:excludeFromRecents="true"
66-->[com.google.firebase:firebase-auth:21.3.0] AndroidManifest.xml:49:13-46
67            android:exported="true"
67-->[com.google.firebase:firebase-auth:21.3.0] AndroidManifest.xml:50:13-36
68            android:launchMode="singleTask"
68-->[com.google.firebase:firebase-auth:21.3.0] AndroidManifest.xml:51:13-44
69            android:theme="@android:style/Theme.Translucent.NoTitleBar" >
69-->[com.google.firebase:firebase-auth:21.3.0] AndroidManifest.xml:52:13-72
70            <intent-filter>
70-->[com.google.firebase:firebase-auth:21.3.0] AndroidManifest.xml:53:13-63:29
71                <action android:name="android.intent.action.VIEW" />
71-->[com.google.firebase:firebase-auth:21.3.0] AndroidManifest.xml:36:17-69
71-->[com.google.firebase:firebase-auth:21.3.0] AndroidManifest.xml:36:25-66
72
73                <category android:name="android.intent.category.DEFAULT" />
73-->[com.google.firebase:firebase-auth:21.3.0] AndroidManifest.xml:38:17-76
73-->[com.google.firebase:firebase-auth:21.3.0] AndroidManifest.xml:38:27-73
74                <category android:name="android.intent.category.BROWSABLE" />
74-->[com.google.firebase:firebase-auth:21.3.0] AndroidManifest.xml:39:17-78
74-->[com.google.firebase:firebase-auth:21.3.0] AndroidManifest.xml:39:27-75
75
76                <data
76-->[com.google.firebase:firebase-auth:21.3.0] AndroidManifest.xml:41:17-44:51
77                    android:host="firebase.auth"
77-->[com.google.firebase:firebase-auth:21.3.0] AndroidManifest.xml:42:21-49
78                    android:path="/"
78-->[com.google.firebase:firebase-auth:21.3.0] AndroidManifest.xml:43:21-37
79                    android:scheme="recaptcha" />
79-->[com.google.firebase:firebase-auth:21.3.0] AndroidManifest.xml:44:21-48
80            </intent-filter>
81        </activity>
82
83        <service
83-->[com.google.firebase:firebase-auth:21.3.0] AndroidManifest.xml:66:9-72:19
84            android:name="com.google.firebase.components.ComponentDiscoveryService"
84-->[com.google.firebase:firebase-auth:21.3.0] AndroidManifest.xml:67:13-84
85            android:directBootAware="true"
85-->[com.google.firebase:firebase-common:20.3.2] AndroidManifest.xml:34:13-43
86            android:exported="false" >
86-->[com.google.firebase:firebase-auth:21.3.0] AndroidManifest.xml:68:13-37
87            <meta-data
87-->[com.google.firebase:firebase-auth:21.3.0] AndroidManifest.xml:69:13-71:85
88                android:name="com.google.firebase.components:com.google.firebase.auth.FirebaseAuthRegistrar"
88-->[com.google.firebase:firebase-auth:21.3.0] AndroidManifest.xml:70:17-109
89                android:value="com.google.firebase.components.ComponentRegistrar" />
89-->[com.google.firebase:firebase-auth:21.3.0] AndroidManifest.xml:71:17-82
90            <meta-data
90-->[com.google.firebase:firebase-database:20.2.0] AndroidManifest.xml:31:13-33:85
91                android:name="com.google.firebase.components:com.google.firebase.database.DatabaseRegistrar"
91-->[com.google.firebase:firebase-database:20.2.0] AndroidManifest.xml:32:17-109
92                android:value="com.google.firebase.components.ComponentRegistrar" />
92-->[com.google.firebase:firebase-database:20.2.0] AndroidManifest.xml:33:17-82
93        </service>
94
95        <provider
95-->[com.google.firebase:firebase-common:20.3.2] AndroidManifest.xml:25:9-30:39
96            android:name="com.google.firebase.provider.FirebaseInitProvider"
96-->[com.google.firebase:firebase-common:20.3.2] AndroidManifest.xml:26:13-77
97            android:authorities="com.example.realnews.firebaseinitprovider"
97-->[com.google.firebase:firebase-common:20.3.2] AndroidManifest.xml:27:13-72
98            android:directBootAware="true"
98-->[com.google.firebase:firebase-common:20.3.2] AndroidManifest.xml:28:13-43
99            android:exported="false"
99-->[com.google.firebase:firebase-common:20.3.2] AndroidManifest.xml:29:13-37
100            android:initOrder="100" />
100-->[com.google.firebase:firebase-common:20.3.2] AndroidManifest.xml:30:13-36
101
102        <activity
102-->[com.google.android.gms:play-services-base:18.1.0] AndroidManifest.xml:20:9-22:45
103            android:name="com.google.android.gms.common.api.GoogleApiActivity"
103-->[com.google.android.gms:play-services-base:18.1.0] AndroidManifest.xml:20:19-85
104            android:exported="false"
104-->[com.google.android.gms:play-services-base:18.1.0] AndroidManifest.xml:22:19-43
105            android:theme="@android:style/Theme.Translucent.NoTitleBar" />
105-->[com.google.android.gms:play-services-base:18.1.0] AndroidManifest.xml:21:19-78
106
107        <meta-data
107-->[com.google.android.gms:play-services-basement:18.1.0] AndroidManifest.xml:21:9-23:69
108            android:name="com.google.android.gms.version"
108-->[com.google.android.gms:play-services-basement:18.1.0] AndroidManifest.xml:22:13-58
109            android:value="@integer/google_play_services_version" />
109-->[com.google.android.gms:play-services-basement:18.1.0] AndroidManifest.xml:23:13-66
110
111        <provider
111-->[androidx.emoji2:emoji2:1.0.0] AndroidManifest.xml:26:9-34:20
112            android:name="androidx.startup.InitializationProvider"
112-->[androidx.emoji2:emoji2:1.0.0] AndroidManifest.xml:27:13-67
113            android:authorities="com.example.realnews.androidx-startup"
113-->[androidx.emoji2:emoji2:1.0.0] AndroidManifest.xml:28:13-68
114            android:exported="false" >
114-->[androidx.emoji2:emoji2:1.0.0] AndroidManifest.xml:29:13-37
115            <meta-data
115-->[androidx.emoji2:emoji2:1.0.0] AndroidManifest.xml:31:13-33:52
116                android:name="androidx.emoji2.text.EmojiCompatInitializer"
116-->[androidx.emoji2:emoji2:1.0.0] AndroidManifest.xml:32:17-75
117                android:value="androidx.startup" />
117-->[androidx.emoji2:emoji2:1.0.0] AndroidManifest.xml:33:17-49
118            <meta-data
118-->[androidx.lifecycle:lifecycle-process:2.4.0] AndroidManifest.xml:31:13-33:52
119                android:name="androidx.lifecycle.ProcessLifecycleInitializer"
119-->[androidx.lifecycle:lifecycle-process:2.4.0] AndroidManifest.xml:32:17-78
120                android:value="androidx.startup" />
120-->[androidx.lifecycle:lifecycle-process:2.4.0] AndroidManifest.xml:33:17-49
121        </provider>
122    </application>
123
124</manifest>